#! /usr/bin/vvp
:ivl_version "11.0 (stable)";
:ivl_delay_selection "TYPICAL";
:vpi_time_precision + 0;
:vpi_module "/usr/lib64/ivl/system.vpi";
:vpi_module "/usr/lib64/ivl/vhdl_sys.vpi";
:vpi_module "/usr/lib64/ivl/vhdl_textio.vpi";
:vpi_module "/usr/lib64/ivl/v2005_math.vpi";
:vpi_module "/usr/lib64/ivl/va_math.vpi";
S_0x5573f619cdb0 .scope module, "simple" "simple" 2 1;
 .timescale 0 0;
    .port_info 0 /INPUT 4 "A";
    .port_info 1 /OUTPUT 4 "B";
o0x7fefe1f13018 .functor BUFZ 4, C4<zzzz>; HiZ drive
v0x5573f619cf40_0 .net "A", 3 0, o0x7fefe1f13018;  0 drivers
v0x5573f61e4300_0 .net "B", 3 0, L_0x5573f61e4c10;  1 drivers
v0x5573f61e43e0_0 .net *"_ivl_1", 0 0, L_0x5573f61e47f0;  1 drivers
v0x5573f61e44a0_0 .net *"_ivl_3", 0 0, L_0x5573f61e48c0;  1 drivers
v0x5573f61e4580_0 .net *"_ivl_5", 0 0, L_0x5573f61e49e0;  1 drivers
v0x5573f61e46b0_0 .net *"_ivl_7", 0 0, L_0x5573f61e4a80;  1 drivers
L_0x5573f61e47f0 .part o0x7fefe1f13018, 0, 1;
L_0x5573f61e48c0 .part o0x7fefe1f13018, 2, 1;
L_0x5573f61e49e0 .part o0x7fefe1f13018, 1, 1;
L_0x5573f61e4a80 .part o0x7fefe1f13018, 3, 1;
L_0x5573f61e4c10 .concat [ 1 1 1 1], L_0x5573f61e4a80, L_0x5573f61e49e0, L_0x5573f61e48c0, L_0x5573f61e47f0;
# The file index is used to find the file name in the following table.
:file_names 3;
    "N/A";
    "<interactive>";
    "simple.v";
